{"/Users/tomcarmichael/Documents/code/js/bank-tech-test/account.js": {"path":"/Users/tomcarmichael/Documents/code/js/bank-tech-test/account.js","statementMap":{"0":{"start":{"line":1,"column":16},"end":{"line":1,"column":36}},"1":{"start":{"line":2,"column":20},"end":{"line":2,"column":44}},"2":{"start":{"line":3,"column":18},"end":{"line":3,"column":40}},"3":{"start":{"line":9,"column":6},"end":{"line":9,"column":40}},"4":{"start":{"line":10,"column":6},"end":{"line":10,"column":47}},"5":{"start":{"line":11,"column":6},"end":{"line":11,"column":43}},"6":{"start":{"line":12,"column":6},"end":{"line":12,"column":34}},"7":{"start":{"line":16,"column":4},"end":{"line":16,"column":35}},"8":{"start":{"line":20,"column":4},"end":{"line":22,"column":5}},"9":{"start":{"line":21,"column":6},"end":{"line":21,"column":54}},"10":{"start":{"line":23,"column":4},"end":{"line":23,"column":35}},"11":{"start":{"line":24,"column":24},"end":{"line":24,"column":89}},"12":{"start":{"line":25,"column":4},"end":{"line":25,"column":46}},"13":{"start":{"line":26,"column":4},"end":{"line":26,"column":81}},"14":{"start":{"line":30,"column":4},"end":{"line":32,"column":5}},"15":{"start":{"line":31,"column":6},"end":{"line":31,"column":85}},"16":{"start":{"line":33,"column":4},"end":{"line":33,"column":35}},"17":{"start":{"line":34,"column":24},"end":{"line":34,"column":88}},"18":{"start":{"line":35,"column":4},"end":{"line":35,"column":46}},"19":{"start":{"line":36,"column":4},"end":{"line":36,"column":83}},"20":{"start":{"line":40,"column":4},"end":{"line":40,"column":56}},"21":{"start":{"line":44,"column":0},"end":{"line":44,"column":25}}},"fnMap":{"0":{"name":"(anonymous_0)","decl":{"start":{"line":8,"column":2},"end":{"line":8,"column":3}},"loc":{"start":{"line":8,"column":98},"end":{"line":13,"column":3}},"line":8},"1":{"name":"(anonymous_1)","decl":{"start":{"line":15,"column":2},"end":{"line":15,"column":3}},"loc":{"start":{"line":15,"column":21},"end":{"line":17,"column":3}},"line":15},"2":{"name":"(anonymous_2)","decl":{"start":{"line":19,"column":2},"end":{"line":19,"column":3}},"loc":{"start":{"line":19,"column":18},"end":{"line":27,"column":3}},"line":19},"3":{"name":"(anonymous_3)","decl":{"start":{"line":29,"column":2},"end":{"line":29,"column":3}},"loc":{"start":{"line":29,"column":19},"end":{"line":37,"column":3}},"line":29},"4":{"name":"(anonymous_4)","decl":{"start":{"line":39,"column":2},"end":{"line":39,"column":3}},"loc":{"start":{"line":39,"column":19},"end":{"line":41,"column":3}},"line":39}},"branchMap":{"0":{"loc":{"start":{"line":8,"column":14},"end":{"line":8,"column":36}},"type":"default-arg","locations":[{"start":{"line":8,"column":29},"end":{"line":8,"column":36}}],"line":8},"1":{"loc":{"start":{"line":8,"column":38},"end":{"line":8,"column":68}},"type":"default-arg","locations":[{"start":{"line":8,"column":57},"end":{"line":8,"column":68}}],"line":8},"2":{"loc":{"start":{"line":8,"column":70},"end":{"line":8,"column":96}},"type":"default-arg","locations":[{"start":{"line":8,"column":87},"end":{"line":8,"column":96}}],"line":8},"3":{"loc":{"start":{"line":20,"column":4},"end":{"line":22,"column":5}},"type":"if","locations":[{"start":{"line":20,"column":4},"end":{"line":22,"column":5}},{"start":{},"end":{}}],"line":20},"4":{"loc":{"start":{"line":30,"column":4},"end":{"line":32,"column":5}},"type":"if","locations":[{"start":{"line":30,"column":4},"end":{"line":32,"column":5}},{"start":{},"end":{}}],"line":30}},"s":{"0":2,"1":2,"2":2,"3":17,"4":17,"5":17,"6":17,"7":8,"8":14,"9":1,"10":13,"11":13,"12":13,"13":13,"14":9,"15":2,"16":7,"17":7,"18":7,"19":7,"20":1,"21":2},"f":{"0":17,"1":8,"2":14,"3":9,"4":1},"b":{"0":[5],"1":[5],"2":[17],"3":[1,13],"4":[2,7]},"_coverageSchema":"1a1c01bbd47fc00a2c39e90264f33305004495a9","hash":"2615191cd1d18beb8471268afe4f617de09387c7"}
,"/Users/tomcarmichael/Documents/code/js/bank-tech-test/balance.js": {"path":"/Users/tomcarmichael/Documents/code/js/bank-tech-test/balance.js","statementMap":{"0":{"start":{"line":5,"column":4},"end":{"line":5,"column":29}},"1":{"start":{"line":9,"column":4},"end":{"line":9,"column":32}},"2":{"start":{"line":13,"column":4},"end":{"line":13,"column":38}},"3":{"start":{"line":17,"column":0},"end":{"line":17,"column":25}}},"fnMap":{"0":{"name":"(anonymous_0)","decl":{"start":{"line":4,"column":2},"end":{"line":4,"column":3}},"loc":{"start":{"line":4,"column":16},"end":{"line":6,"column":3}},"line":4},"1":{"name":"(anonymous_1)","decl":{"start":{"line":8,"column":2},"end":{"line":8,"column":3}},"loc":{"start":{"line":8,"column":16},"end":{"line":10,"column":3}},"line":8},"2":{"name":"(anonymous_2)","decl":{"start":{"line":12,"column":2},"end":{"line":12,"column":3}},"loc":{"start":{"line":12,"column":26},"end":{"line":14,"column":3}},"line":12}},"branchMap":{},"s":{"0":5,"1":31,"2":8,"3":2},"f":{"0":5,"1":31,"2":8},"b":{},"_coverageSchema":"1a1c01bbd47fc00a2c39e90264f33305004495a9","hash":"fe352155c6c67bbb94481213f78ebc6bd50d93a3"}
,"/Users/tomcarmichael/Documents/code/js/bank-tech-test/statement.js": {"path":"/Users/tomcarmichael/Documents/code/js/bank-tech-test/statement.js","statementMap":{"0":{"start":{"line":4,"column":20},"end":{"line":4,"column":58}},"1":{"start":{"line":5,"column":4},"end":{"line":10,"column":7}},"2":{"start":{"line":6,"column":6},"end":{"line":6,"column":44}},"3":{"start":{"line":7,"column":6},"end":{"line":7,"column":90}},"4":{"start":{"line":8,"column":6},"end":{"line":8,"column":89}},"5":{"start":{"line":9,"column":6},"end":{"line":9,"column":57}},"6":{"start":{"line":11,"column":4},"end":{"line":11,"column":21}},"7":{"start":{"line":15,"column":0},"end":{"line":15,"column":27}}},"fnMap":{"0":{"name":"(anonymous_0)","decl":{"start":{"line":3,"column":2},"end":{"line":3,"column":3}},"loc":{"start":{"line":3,"column":29},"end":{"line":12,"column":3}},"line":3},"1":{"name":"(anonymous_1)","decl":{"start":{"line":5,"column":35},"end":{"line":5,"column":36}},"loc":{"start":{"line":5,"column":52},"end":{"line":10,"column":5}},"line":5}},"branchMap":{"0":{"loc":{"start":{"line":7,"column":19},"end":{"line":7,"column":90}},"type":"cond-expr","locations":[{"start":{"line":7,"column":53},"end":{"line":7,"column":83}},{"start":{"line":7,"column":85},"end":{"line":7,"column":90}}],"line":7},"1":{"loc":{"start":{"line":8,"column":19},"end":{"line":8,"column":89}},"type":"cond-expr","locations":[{"start":{"line":8,"column":52},"end":{"line":8,"column":82}},{"start":{"line":8,"column":84},"end":{"line":8,"column":89}}],"line":8}},"s":{"0":2,"1":2,"2":6,"3":6,"4":6,"5":6,"6":2,"7":3},"f":{"0":2,"1":6},"b":{"0":[4,2],"1":[2,4]},"_coverageSchema":"1a1c01bbd47fc00a2c39e90264f33305004495a9","hash":"c20223967aba750f6caad33963035f70b1bf731d"}
,"/Users/tomcarmichael/Documents/code/js/bank-tech-test/transaction.js": {"path":"/Users/tomcarmichael/Documents/code/js/bank-tech-test/transaction.js","statementMap":{"0":{"start":{"line":7,"column":4},"end":{"line":7,"column":54}},"1":{"start":{"line":8,"column":4},"end":{"line":8,"column":37}},"2":{"start":{"line":9,"column":4},"end":{"line":9,"column":46}},"3":{"start":{"line":10,"column":4},"end":{"line":10,"column":36}},"4":{"start":{"line":14,"column":4},"end":{"line":14,"column":35}},"5":{"start":{"line":18,"column":4},"end":{"line":18,"column":34}},"6":{"start":{"line":22,"column":4},"end":{"line":22,"column":36}},"7":{"start":{"line":26,"column":0},"end":{"line":26,"column":29}}},"fnMap":{"0":{"name":"(anonymous_0)","decl":{"start":{"line":6,"column":2},"end":{"line":6,"column":3}},"loc":{"start":{"line":6,"column":46},"end":{"line":11,"column":3}},"line":6},"1":{"name":"(anonymous_1)","decl":{"start":{"line":13,"column":2},"end":{"line":13,"column":3}},"loc":{"start":{"line":13,"column":15},"end":{"line":15,"column":3}},"line":13},"2":{"name":"(anonymous_2)","decl":{"start":{"line":17,"column":2},"end":{"line":17,"column":3}},"loc":{"start":{"line":17,"column":25},"end":{"line":19,"column":3}},"line":17},"3":{"name":"(anonymous_3)","decl":{"start":{"line":21,"column":2},"end":{"line":21,"column":3}},"loc":{"start":{"line":21,"column":13},"end":{"line":23,"column":3}},"line":21}},"branchMap":{},"s":{"0":12,"1":12,"2":12,"3":12,"4":4,"5":5,"6":7,"7":3},"f":{"0":12,"1":4,"2":5,"3":7},"b":{},"_coverageSchema":"1a1c01bbd47fc00a2c39e90264f33305004495a9","hash":"2c2ce45011127fa29d520b0ab6cbfb84da907f26"}
}
