{"/Users/tomcarmichael/Documents/code/js/bank-tech-test/account.js": {"path":"/Users/tomcarmichael/Documents/code/js/bank-tech-test/account.js","statementMap":{"0":{"start":{"line":1,"column":16},"end":{"line":1,"column":36}},"1":{"start":{"line":2,"column":20},"end":{"line":2,"column":44}},"2":{"start":{"line":8,"column":6},"end":{"line":8,"column":40}},"3":{"start":{"line":9,"column":6},"end":{"line":9,"column":47}},"4":{"start":{"line":10,"column":6},"end":{"line":10,"column":34}},"5":{"start":{"line":14,"column":4},"end":{"line":14,"column":35}},"6":{"start":{"line":18,"column":4},"end":{"line":20,"column":5}},"7":{"start":{"line":19,"column":6},"end":{"line":19,"column":54}},"8":{"start":{"line":21,"column":4},"end":{"line":21,"column":35}},"9":{"start":{"line":22,"column":4},"end":{"line":22,"column":78}},"10":{"start":{"line":23,"column":4},"end":{"line":23,"column":81}},"11":{"start":{"line":27,"column":4},"end":{"line":29,"column":5}},"12":{"start":{"line":28,"column":6},"end":{"line":28,"column":85}},"13":{"start":{"line":30,"column":4},"end":{"line":30,"column":35}},"14":{"start":{"line":31,"column":4},"end":{"line":31,"column":77}},"15":{"start":{"line":32,"column":4},"end":{"line":32,"column":83}},"16":{"start":{"line":36,"column":0},"end":{"line":36,"column":25}}},"fnMap":{"0":{"name":"(anonymous_0)","decl":{"start":{"line":7,"column":2},"end":{"line":7,"column":3}},"loc":{"start":{"line":7,"column":70},"end":{"line":11,"column":3}},"line":7},"1":{"name":"(anonymous_1)","decl":{"start":{"line":13,"column":2},"end":{"line":13,"column":3}},"loc":{"start":{"line":13,"column":21},"end":{"line":15,"column":3}},"line":13},"2":{"name":"(anonymous_2)","decl":{"start":{"line":17,"column":2},"end":{"line":17,"column":3}},"loc":{"start":{"line":17,"column":18},"end":{"line":24,"column":3}},"line":17},"3":{"name":"(anonymous_3)","decl":{"start":{"line":26,"column":2},"end":{"line":26,"column":3}},"loc":{"start":{"line":26,"column":19},"end":{"line":33,"column":3}},"line":26}},"branchMap":{"0":{"loc":{"start":{"line":7,"column":14},"end":{"line":7,"column":36}},"type":"default-arg","locations":[{"start":{"line":7,"column":29},"end":{"line":7,"column":36}}],"line":7},"1":{"loc":{"start":{"line":7,"column":38},"end":{"line":7,"column":68}},"type":"default-arg","locations":[{"start":{"line":7,"column":57},"end":{"line":7,"column":68}}],"line":7},"2":{"loc":{"start":{"line":18,"column":4},"end":{"line":20,"column":5}},"type":"if","locations":[{"start":{"line":18,"column":4},"end":{"line":20,"column":5}},{"start":{},"end":{}}],"line":18},"3":{"loc":{"start":{"line":27,"column":4},"end":{"line":29,"column":5}},"type":"if","locations":[{"start":{"line":27,"column":4},"end":{"line":29,"column":5}},{"start":{},"end":{}}],"line":27}},"s":{"0":2,"1":2,"2":15,"3":15,"4":15,"5":5,"6":11,"7":1,"8":10,"9":10,"10":10,"11":7,"12":2,"13":5,"14":5,"15":5,"16":2},"f":{"0":15,"1":5,"2":11,"3":7},"b":{"0":[4],"1":[4],"2":[1,10],"3":[2,5]},"_coverageSchema":"1a1c01bbd47fc00a2c39e90264f33305004495a9","hash":"8bca9d7d4f463db767fe65064cfe0a8cae2ff8eb"}
,"/Users/tomcarmichael/Documents/code/js/bank-tech-test/balance.js": {"path":"/Users/tomcarmichael/Documents/code/js/bank-tech-test/balance.js","statementMap":{"0":{"start":{"line":5,"column":4},"end":{"line":5,"column":29}},"1":{"start":{"line":9,"column":4},"end":{"line":9,"column":32}},"2":{"start":{"line":13,"column":4},"end":{"line":13,"column":38}},"3":{"start":{"line":17,"column":0},"end":{"line":17,"column":25}}},"fnMap":{"0":{"name":"(anonymous_0)","decl":{"start":{"line":4,"column":2},"end":{"line":4,"column":3}},"loc":{"start":{"line":4,"column":16},"end":{"line":6,"column":3}},"line":4},"1":{"name":"(anonymous_1)","decl":{"start":{"line":8,"column":2},"end":{"line":8,"column":3}},"loc":{"start":{"line":8,"column":16},"end":{"line":10,"column":3}},"line":8},"2":{"name":"(anonymous_2)","decl":{"start":{"line":12,"column":2},"end":{"line":12,"column":3}},"loc":{"start":{"line":12,"column":26},"end":{"line":14,"column":3}},"line":12}},"branchMap":{},"s":{"0":4,"1":16,"2":5,"3":2},"f":{"0":4,"1":16,"2":5},"b":{},"_coverageSchema":"1a1c01bbd47fc00a2c39e90264f33305004495a9","hash":"fe352155c6c67bbb94481213f78ebc6bd50d93a3"}
,"/Users/tomcarmichael/Documents/code/js/bank-tech-test/statement.js": {"path":"/Users/tomcarmichael/Documents/code/js/bank-tech-test/statement.js","statementMap":{"0":{"start":{"line":4,"column":20},"end":{"line":4,"column":58}},"1":{"start":{"line":5,"column":4},"end":{"line":10,"column":7}},"2":{"start":{"line":6,"column":6},"end":{"line":6,"column":44}},"3":{"start":{"line":7,"column":6},"end":{"line":7,"column":90}},"4":{"start":{"line":8,"column":6},"end":{"line":8,"column":89}},"5":{"start":{"line":9,"column":6},"end":{"line":9,"column":57}},"6":{"start":{"line":11,"column":4},"end":{"line":11,"column":21}},"7":{"start":{"line":15,"column":0},"end":{"line":15,"column":27}}},"fnMap":{"0":{"name":"(anonymous_0)","decl":{"start":{"line":3,"column":2},"end":{"line":3,"column":3}},"loc":{"start":{"line":3,"column":38},"end":{"line":12,"column":3}},"line":3},"1":{"name":"(anonymous_1)","decl":{"start":{"line":5,"column":35},"end":{"line":5,"column":36}},"loc":{"start":{"line":5,"column":52},"end":{"line":10,"column":5}},"line":5}},"branchMap":{"0":{"loc":{"start":{"line":7,"column":19},"end":{"line":7,"column":90}},"type":"cond-expr","locations":[{"start":{"line":7,"column":53},"end":{"line":7,"column":83}},{"start":{"line":7,"column":85},"end":{"line":7,"column":90}}],"line":7},"1":{"loc":{"start":{"line":8,"column":19},"end":{"line":8,"column":89}},"type":"cond-expr","locations":[{"start":{"line":8,"column":52},"end":{"line":8,"column":82}},{"start":{"line":8,"column":84},"end":{"line":8,"column":89}}],"line":8}},"s":{"0":1,"1":1,"2":3,"3":3,"4":3,"5":3,"6":1,"7":1},"f":{"0":1,"1":3},"b":{"0":[2,1],"1":[1,2]},"_coverageSchema":"1a1c01bbd47fc00a2c39e90264f33305004495a9","hash":"0b564c017bde6fbcab6fcb031545766f84caf389"}
,"/Users/tomcarmichael/Documents/code/js/bank-tech-test/transaction.js": {"path":"/Users/tomcarmichael/Documents/code/js/bank-tech-test/transaction.js","statementMap":{"0":{"start":{"line":6,"column":4},"end":{"line":6,"column":54}},"1":{"start":{"line":7,"column":4},"end":{"line":7,"column":37}},"2":{"start":{"line":8,"column":4},"end":{"line":8,"column":25}},"3":{"start":{"line":9,"column":4},"end":{"line":9,"column":36}},"4":{"start":{"line":13,"column":4},"end":{"line":13,"column":35}},"5":{"start":{"line":17,"column":4},"end":{"line":17,"column":36}},"6":{"start":{"line":21,"column":0},"end":{"line":21,"column":29}}},"fnMap":{"0":{"name":"(anonymous_0)","decl":{"start":{"line":5,"column":2},"end":{"line":5,"column":3}},"loc":{"start":{"line":5,"column":28},"end":{"line":10,"column":3}},"line":5},"1":{"name":"(anonymous_1)","decl":{"start":{"line":12,"column":2},"end":{"line":12,"column":3}},"loc":{"start":{"line":12,"column":15},"end":{"line":14,"column":3}},"line":12},"2":{"name":"(anonymous_2)","decl":{"start":{"line":16,"column":2},"end":{"line":16,"column":3}},"loc":{"start":{"line":16,"column":13},"end":{"line":18,"column":3}},"line":16}},"branchMap":{},"s":{"0":9,"1":9,"2":9,"3":9,"4":1,"5":1,"6":3},"f":{"0":9,"1":1,"2":1},"b":{},"_coverageSchema":"1a1c01bbd47fc00a2c39e90264f33305004495a9","hash":"d2f6f281b6e4639ab7e0610a910de11edea64f92"}
}
