TN:
SF:account.js
FN:8,(anonymous_0)
FN:15,(anonymous_1)
FN:19,(anonymous_2)
FN:29,(anonymous_3)
FN:39,(anonymous_4)
FNF:5
FNH:5
FNDA:17,(anonymous_0)
FNDA:8,(anonymous_1)
FNDA:14,(anonymous_2)
FNDA:9,(anonymous_3)
FNDA:1,(anonymous_4)
DA:1,2
DA:2,2
DA:3,2
DA:9,17
DA:10,17
DA:11,17
DA:12,17
DA:16,8
DA:20,14
DA:21,1
DA:23,13
DA:24,13
DA:25,13
DA:26,13
DA:30,9
DA:31,2
DA:33,7
DA:34,7
DA:35,7
DA:36,7
DA:40,1
DA:44,2
LF:22
LH:22
BRDA:8,0,0,5
BRDA:8,1,0,5
BRDA:8,2,0,17
BRDA:20,3,0,1
BRDA:20,3,1,13
BRDA:30,4,0,2
BRDA:30,4,1,7
BRF:7
BRH:7
end_of_record
TN:
SF:balance.js
FN:4,(anonymous_0)
FN:8,(anonymous_1)
FN:12,(anonymous_2)
FNF:3
FNH:3
FNDA:5,(anonymous_0)
FNDA:31,(anonymous_1)
FNDA:8,(anonymous_2)
DA:5,5
DA:9,31
DA:13,8
DA:17,2
LF:4
LH:4
BRF:0
BRH:0
end_of_record
TN:
SF:statement.js
FN:2,(anonymous_0)
FN:4,(anonymous_1)
FNF:2
FNH:2
FNDA:2,(anonymous_0)
FNDA:6,(anonymous_1)
DA:3,2
DA:4,2
DA:5,6
DA:6,6
DA:7,6
DA:8,6
DA:10,2
DA:14,3
LF:8
LH:8
BRDA:6,0,0,4
BRDA:6,0,1,2
BRDA:7,1,0,2
BRDA:7,1,1,4
BRF:4
BRH:4
end_of_record
TN:
SF:transaction.js
FN:8,(anonymous_0)
FN:15,(anonymous_1)
FN:19,(anonymous_2)
FN:23,(anonymous_3)
FNF:4
FNH:4
FNDA:12,(anonymous_0)
FNDA:4,(anonymous_1)
FNDA:5,(anonymous_2)
FNDA:7,(anonymous_3)
DA:9,12
DA:10,12
DA:11,12
DA:12,12
DA:16,4
DA:20,5
DA:24,7
DA:28,3
LF:8
LH:8
BRF:0
BRH:0
end_of_record
