TN:
SF:account.js
FN:7,(anonymous_0)
FN:13,(anonymous_1)
FN:17,(anonymous_2)
FN:26,(anonymous_3)
FNF:4
FNH:4
FNDA:15,(anonymous_0)
FNDA:5,(anonymous_1)
FNDA:11,(anonymous_2)
FNDA:7,(anonymous_3)
DA:1,2
DA:2,2
DA:8,15
DA:9,15
DA:10,15
DA:14,5
DA:18,11
DA:19,1
DA:21,10
DA:22,10
DA:23,10
DA:27,7
DA:28,2
DA:30,5
DA:31,5
DA:32,5
DA:36,2
LF:17
LH:17
BRDA:7,0,0,4
BRDA:7,1,0,4
BRDA:18,2,0,1
BRDA:18,2,1,10
BRDA:27,3,0,2
BRDA:27,3,1,5
BRF:6
BRH:6
end_of_record
TN:
SF:balance.js
FN:4,(anonymous_0)
FN:8,(anonymous_1)
FN:12,(anonymous_2)
FNF:3
FNH:3
FNDA:4,(anonymous_0)
FNDA:16,(anonymous_1)
FNDA:5,(anonymous_2)
DA:5,4
DA:9,16
DA:13,5
DA:17,2
LF:4
LH:4
BRF:0
BRH:0
end_of_record
TN:
SF:statement.js
FN:3,(anonymous_0)
FN:5,(anonymous_1)
FNF:2
FNH:2
FNDA:1,(anonymous_0)
FNDA:3,(anonymous_1)
DA:4,1
DA:5,1
DA:6,3
DA:7,3
DA:8,3
DA:9,3
DA:11,1
DA:15,1
LF:8
LH:8
BRDA:7,0,0,2
BRDA:7,0,1,1
BRDA:8,1,0,1
BRDA:8,1,1,2
BRF:4
BRH:4
end_of_record
TN:
SF:transaction.js
FN:5,(anonymous_0)
FN:12,(anonymous_1)
FN:16,(anonymous_2)
FNF:3
FNH:3
FNDA:9,(anonymous_0)
FNDA:1,(anonymous_1)
FNDA:1,(anonymous_2)
DA:6,9
DA:7,9
DA:8,9
DA:9,9
DA:13,1
DA:17,1
DA:21,3
LF:7
LH:7
BRF:0
BRH:0
end_of_record
